<?xml version="1.0" encoding="UTF-8"?>
<!-- Generated by org.testng.reporters.JUnitXMLReporter -->
<testsuite ignored="1" hostname="LTIN241896" failures="0" tests="4" name="Testedge" time="97.389" errors="0" timestamp="2024-08-03T13:17:50 IST">
  <testcase classname="testcases.Login" name="searchBox" time="0.343"/>
  <testcase classname="testcases.Login" name="clickonMyworkspace" time="15.161"/>
  <testcase classname="testcases.Login" name="datepicker" time="0.874"/>
  <testcase classname="testcases.Login" name="selectSeat" time="59.079"/>
  <testcase classname="testcases.Login" name="timeSelecter" time="0.0">
    <ignored/>
  </testcase> <!-- timeSelecter -->
</testsuite> <!-- Testedge -->
