<?xml version="1.0" encoding="UTF-8"?>
<!-- Generated by org.testng.reporters.JUnitXMLReporter -->
<testsuite ignored="4" hostname="LTIN241896" failures="0" tests="2" name="TestChrome" time="0.031" errors="0" timestamp="2024-07-15T10:32:38 IST">
  <testcase classname="testcases.Base" name="searchBox" time="0.0">
    <skipped/>
  </testcase> <!-- searchBox -->
  <testcase classname="testcases.Login" name="loginWithValidCredentials" time="0.0">
    <skipped/>
  </testcase> <!-- loginWithValidCredentials -->
  <testcase classname="testcases.Base" name="datepicker" time="0.0">
    <ignored/>
  </testcase> <!-- datepicker -->
  <testcase classname="testcases.Base" name="timeSelecter" time="0.0">
    <ignored/>
  </testcase> <!-- timeSelecter -->
  <testcase classname="testcases.Base" name="selectSeat" time="0.0">
    <ignored/>
  </testcase> <!-- selectSeat -->
  <testcase classname="testcases.Base" name="clickonMyworkspace" time="0.0">
    <ignored/>
  </testcase> <!-- clickonMyworkspace -->
</testsuite> <!-- TestChrome -->
